#
# There is insufficient memory for the Java Runtime Environment to continue.
# Native memory allocation (malloc) failed to allocate 1326896 bytes for Chunk::new
# Possible reasons:
#   The system is out of physical RAM or swap space
#   In 32 bit mode, the process size limit was hit
# Possible solutions:
#   Reduce memory load on the system
#   Increase physical memory or swap space
#   Check if swap backing store is full
#   Use 64 bit Java on a 64 bit OS
#   Decrease Java heap size (-Xmx/-Xms)
#   Decrease number of Java threads
#   Decrease Java thread stack sizes (-Xss)
#   Set larger code cache with -XX:ReservedCodeCacheSize=
# This output file may be truncated or incomplete.
#
#  Out of Memory Error (allocation.cpp:390), pid=10300, tid=0x0000000000001bac
#
# JRE version: OpenJDK Runtime Environment (8.0_112) (build 1.8.0_112-release-736)
# Java VM: OpenJDK 64-Bit Server VM (25.112-b736 mixed mode windows-amd64 compressed oops)
# Failed to write core dump. Minidumps are not enabled by default on client versions of Windows
#

---------------  T H R E A D  ---------------

Current thread (0x0000000015eaf800):  JavaThread "C2 CompilerThread0" daemon [_thread_in_native, id=7084, stack(0x0000000017500000,0x0000000017600000)]

Stack: [0x0000000017500000,0x0000000017600000]
[error occurred during error reporting (printing stack bounds), id 0xc0000005]

Native frames: (J=compiled Java code, j=interpreted, Vv=VM code, C=native code)


Current CompileTask:
C2:7770722 18308       4       org.gradle.api.internal.file.pattern.PatternMatcherFactory::compile (91 bytes)


---------------  P R O C E S S  ---------------

Java Threads: ( => current thread )
  0x000000001b7f7000 JavaThread "Task worker Thread 3" [_thread_blocked, id=12048, stack(0x000000002e0a0000,0x000000002e1a0000)]
  0x000000001b7f6000 JavaThread "Task worker Thread 2" [_thread_blocked, id=1080, stack(0x000000002dfa0000,0x000000002e0a0000)]
  0x000000001b7f4000 JavaThread "Task worker" [_thread_blocked, id=11732, stack(0x000000002dea0000,0x000000002dfa0000)]
  0x000000001b7f3000 JavaThread "Cache worker for task history cache (C:\Users\tilma\Desktop\Android_Studio_Projects\MVP\.gradle\4.0-rc-1\taskHistory)" [_thread_blocked, id=4524, stack(0x000000002dda0000,0x000000002dea0000)]
  0x000000001b7f2800 JavaThread "Cache worker for file content cache (C:\Users\tilma\Desktop\Android_Studio_Projects\MVP\.gradle\4.0-rc-1\fileContent)" [_thread_blocked, id=9748, stack(0x000000002dca0000,0x000000002dda0000)]
  0x000000001b7f0800 JavaThread "build operations Thread 4" [_thread_blocked, id=12420, stack(0x000000002dba0000,0x000000002dca0000)]
  0x000000001b7f4800 JavaThread "build operations Thread 3" [_thread_blocked, id=7672, stack(0x000000002daa0000,0x000000002dba0000)]
  0x000000001b7ea800 JavaThread "build operations Thread 2" [_thread_blocked, id=12572, stack(0x000000002d9a0000,0x000000002daa0000)]
  0x000000001b7e9000 JavaThread "build operations" [_thread_blocked, id=7920, stack(0x000000002d8a0000,0x000000002d9a0000)]
  0x000000001b7ed000 JavaThread "Cache worker for Artifact transforms cache (C:\Users\tilma\.gradle\caches\transforms-1)" [_thread_blocked, id=10760, stack(0x000000002d7a0000,0x000000002d8a0000)]
  0x000000001b7ec000 JavaThread "Cache worker for file hash cache (C:\Users\tilma\Desktop\Android_Studio_Projects\MVP\.gradle\4.0-rc-1\fileHashes)" [_thread_blocked, id=8048, stack(0x000000002d6a0000,0x000000002d7a0000)]
  0x0000000017957000 JavaThread "Asynchronous log dispatcher for DefaultDaemonConnection: socket connection from /127.0.0.1:54376 to /127.0.0.1:55051" [_thread_blocked, id=3572, stack(0x000000002d4a0000,0x000000002d5a0000)]
  0x000000001795b800 JavaThread "Daemon worker Thread 7" [_thread_in_Java, id=12108, stack(0x000000002d3a0000,0x000000002d4a0000)]
  0x0000000017957800 JavaThread "Cancel handler" [_thread_blocked, id=288, stack(0x000000002d2a0000,0x000000002d3a0000)]
  0x0000000017956000 JavaThread "Handler for socket connection from /127.0.0.1:54376 to /127.0.0.1:55051" [_thread_in_native, id=12952, stack(0x000000002d1a0000,0x000000002d2a0000)]
  0x000000001795a800 JavaThread "Daemon Thread 7" [_thread_blocked, id=9080, stack(0x000000002d0a0000,0x000000002d1a0000)]
  0x00000000190f0000 JavaThread "Memory manager" [_thread_blocked, id=4740, stack(0x000000001f840000,0x000000001f940000)]
  0x0000000017873800 JavaThread "File lock request listener" [_thread_in_native, id=6652, stack(0x000000001a740000,0x000000001a840000)]
  0x0000000018ac4000 JavaThread "Cache worker for file hash cache (C:\Users\tilma\.gradle\caches\4.0-rc-1\fileHashes)" [_thread_blocked, id=1852, stack(0x000000001a640000,0x000000001a740000)]
  0x0000000015f08800 JavaThread "Daemon periodic checks" [_thread_blocked, id=2496, stack(0x0000000019d40000,0x0000000019e40000)]
  0x0000000015f04000 JavaThread "Incoming local TCP Connector on port 54376" [_thread_in_native, id=8096, stack(0x0000000019b10000,0x0000000019c10000)]
  0x0000000017802800 JavaThread "Service Thread" daemon [_thread_blocked, id=6576, stack(0x0000000017c00000,0x0000000017d00000)]
  0x0000000015f0b000 JavaThread "C1 CompilerThread2" daemon [_thread_blocked, id=6148, stack(0x0000000017700000,0x0000000017800000)]
  0x0000000015eb1800 JavaThread "C2 CompilerThread1" daemon [_thread_blocked, id=9332, stack(0x0000000017600000,0x0000000017700000)]
=>0x0000000015eaf800 JavaThread "C2 CompilerThread0" daemon [_thread_in_native, id=7084, stack(0x0000000017500000,0x0000000017600000)]
  0x0000000015eae000 JavaThread "Attach Listener" daemon [_thread_blocked, id=10788, stack(0x0000000017400000,0x0000000017500000)]
  0x000000000253e800 JavaThread "Signal Dispatcher" daemon [_thread_blocked, id=896, stack(0x0000000017300000,0x0000000017400000)]
  0x0000000015e98000 JavaThread "Finalizer" daemon [_thread_blocked, id=10828, stack(0x0000000017110000,0x0000000017210000)]
  0x0000000002532800 JavaThread "Reference Handler" daemon [_thread_blocked, id=10844, stack(0x0000000017010000,0x0000000017110000)]
  0x0000000002442800 JavaThread "main" [_thread_blocked, id=9404, stack(0x0000000002340000,0x0000000002440000)]

Other Threads:
  0x0000000015e74000 VMThread [stack: 0x0000000016f10000,0x0000000017010000] [id=592]
  0x0000000017804800 WatcherThread [stack: 0x0000000017d00000,0x0000000017e00000] [id=8664]

VM state:not at safepoint (normal execution)

VM Mutex/Monitor currently owned by a thread: None

Heap:
 PSYoungGen      total 148992K, used 80943K [0x00000000e0000000, 0x00000000ec180000, 0x0000000100000000)
  eden space 100864K, 49% used [0x00000000e0000000,0x00000000e3054c48,0x00000000e6280000)
  from space 48128K, 65% used [0x00000000e9200000,0x00000000eb0b7350,0x00000000ec100000)
  to   space 48640K, 0% used [0x00000000e6280000,0x00000000e6280000,0x00000000e9200000)
 ParOldGen       total 101888K, used 78307K [0x00000000a0000000, 0x00000000a6380000, 0x00000000e0000000)
  object space 101888K, 76% used [0x00000000a0000000,0x00000000a4c78cf8,0x00000000a6380000)
 Metaspace       used 82264K, capacity 87936K, committed 88212K, reserved 1126400K
  class space    used 10592K, capacity 11911K, committed 11964K, reserved 1048576K

Card table byte_map: [0x0000000011900000,0x0000000011c10000] byte_map_base: 0x0000000011400000

Marking Bits: (ParMarkBitMap*) 0x000000006136f8f0
 Begin Bits: [0x0000000012210000, 0x0000000013a10000)
 End Bits:   [0x0000000013a10000, 0x0000000015210000)

Polling page: 0x0000000000970000

CodeCache: size=245760Kb used=51606Kb max_used=51624Kb free=194153Kb
 bounds [0x0000000002540000, 0x0000000005800000, 0x0000000011540000]
 total_blobs=15271 nmethods=14431 adapters=753
 compilation: enabled

Compilation events (10 events):
Event: 7768.016 Thread 0x0000000015f0b000 18313       3       org.gradle.api.internal.file.collections.jdk7.Jdk7DirectoryWalker$1::visitFile (64 bytes)
Event: 7768.023 Thread 0x0000000015f0b000 nmethod 18313 0x0000000004e00610 code [0x0000000004e008c0, 0x0000000004e01b88]
Event: 7768.025 Thread 0x0000000015f0b000 18314       3       org.gradle.internal.logging.services.DefaultLoggingManager::start (5 bytes)
Event: 7768.027 Thread 0x0000000015f0b000 nmethod 18314 0x0000000003862d50 code [0x0000000003862ec0, 0x0000000003863068]
Event: 7768.432 Thread 0x0000000015f0b000 18315       3       com.google.common.collect.ImmutableMap::isEmpty (13 bytes)
Event: 7768.435 Thread 0x0000000015f0b000 nmethod 18315 0x0000000003838c90 code [0x0000000003838e00, 0x0000000003839068]
Event: 7768.435 Thread 0x0000000015f0b000 18316       3       org.gradle.internal.logging.services.DefaultLoggingManager::stop (5 bytes)
Event: 7768.439 Thread 0x0000000015f0b000 nmethod 18316 0x00000000053e37d0 code [0x00000000053e3940, 0x00000000053e3ae8]
Event: 7768.439 Thread 0x0000000015f0b000 18317       3       com.google.common.collect.AbstractListMultimap::createUnmodifiableEmptyCollection (5 bytes)
Event: 7768.444 Thread 0x0000000015f0b000 nmethod 18317 0x00000000053e3310 code [0x00000000053e3480, 0x00000000053e3710]

GC Heap History (10 events):
Event: 7571.791 GC heap before
{Heap before GC invocations=43 (full 3):
 PSYoungGen      total 111616K, used 105493K [0x00000000e0000000, 0x00000000e9800000, 0x0000000100000000)
  eden space 74752K, 100% used [0x00000000e0000000,0x00000000e4900000,0x00000000e4900000)
  from space 36864K, 83% used [0x00000000e4b00000,0x00000000e69057e0,0x00000000e6f00000)
  to   space 40448K, 0% used [0x00000000e7080000,0x00000000e7080000,0x00000000e9800000)
 ParOldGen       total 101888K, used 75706K [0x00000000a0000000, 0x00000000a6380000, 0x00000000e0000000)
  object space 101888K, 74% used [0x00000000a0000000,0x00000000a49eeb68,0x00000000a6380000)
 Metaspace       used 80636K, capacity 85852K, committed 86036K, reserved 1124352K
  class space    used 10333K, capacity 11573K, committed 11580K, reserved 1048576K
Event: 7572.171 GC heap after
Heap after GC invocations=43 (full 3):
 PSYoungGen      total 113152K, used 29783K [0x00000000e0000000, 0x00000000e9a00000, 0x0000000100000000)
  eden space 72704K, 0% used [0x00000000e0000000,0x00000000e0000000,0x00000000e4700000)
  from space 40448K, 73% used [0x00000000e7080000,0x00000000e8d95d38,0x00000000e9800000)
  to   space 42496K, 0% used [0x00000000e4700000,0x00000000e4700000,0x00000000e7080000)
 ParOldGen       total 101888K, used 75714K [0x00000000a0000000, 0x00000000a6380000, 0x00000000e0000000)
  object space 101888K, 74% used [0x00000000a0000000,0x00000000a49f0b68,0x00000000a6380000)
 Metaspace       used 80636K, capacity 85852K, committed 86036K, reserved 1124352K
  class space    used 10333K, capacity 11573K, committed 11580K, reserved 1048576K
}
Event: 7675.561 GC heap before
{Heap before GC invocations=44 (full 3):
 PSYoungGen      total 113152K, used 102458K [0x00000000e0000000, 0x00000000e9a00000, 0x0000000100000000)
  eden space 72704K, 99% used [0x00000000e0000000,0x00000000e46f8da0,0x00000000e4700000)
  from space 40448K, 73% used [0x00000000e7080000,0x00000000e8d95d38,0x00000000e9800000)
  to   space 42496K, 0% used [0x00000000e4700000,0x00000000e4700000,0x00000000e7080000)
 ParOldGen       total 101888K, used 75714K [0x00000000a0000000, 0x00000000a6380000, 0x00000000e0000000)
  object space 101888K, 74% used [0x00000000a0000000,0x00000000a49f0b68,0x00000000a6380000)
 Metaspace       used 81770K, capacity 87210K, committed 87316K, reserved 1124352K
  class space    used 10509K, capacity 11788K, committed 11836K, reserved 1048576K
Event: 7693.950 GC heap after
Heap after GC invocations=44 (full 3):
 PSYoungGen      total 115200K, used 33900K [0x00000000e0000000, 0x00000000eac00000, 0x0000000100000000)
  eden space 72704K, 0% used [0x00000000e0000000,0x00000000e0000000,0x00000000e4700000)
  from space 42496K, 79% used [0x00000000e4700000,0x00000000e681b058,0x00000000e7080000)
  to   space 45568K, 0% used [0x00000000e7f80000,0x00000000e7f80000,0x00000000eac00000)
 ParOldGen       total 101888K, used 75722K [0x00000000a0000000, 0x00000000a6380000, 0x00000000e0000000)
  object space 101888K, 74% used [0x00000000a0000000,0x00000000a49f2b68,0x00000000a6380000)
 Metaspace       used 81770K, capacity 87210K, committed 87316K, reserved 1124352K
  class space    used 10509K, capacity 11788K, committed 11836K, reserved 1048576K
}
Event: 7699.611 GC heap before
{Heap before GC invocations=45 (full 3):
 PSYoungGen      total 115200K, used 106349K [0x00000000e0000000, 0x00000000eac00000, 0x0000000100000000)
  eden space 72704K, 99% used [0x00000000e0000000,0x00000000e46c03e8,0x00000000e4700000)
  from space 42496K, 79% used [0x00000000e4700000,0x00000000e681b058,0x00000000e7080000)
  to   space 45568K, 0% used [0x00000000e7f80000,0x00000000e7f80000,0x00000000eac00000)
 ParOldGen       total 101888K, used 75722K [0x00000000a0000000, 0x00000000a6380000, 0x00000000e0000000)
  object space 101888K, 74% used [0x00000000a0000000,0x00000000a49f2b68,0x00000000a6380000)
 Metaspace       used 81772K, capacity 87210K, committed 87316K, reserved 1124352K
  class space    used 10509K, capacity 11788K, committed 11836K, reserved 1048576K
Event: 7699.809 GC heap after
Heap after GC invocations=45 (full 3):
 PSYoungGen      total 129024K, used 32789K [0x00000000e0000000, 0x00000000eae80000, 0x0000000100000000)
  eden space 83456K, 0% used [0x00000000e0000000,0x00000000e0000000,0x00000000e5180000)
  from space 45568K, 71% used [0x00000000e7f80000,0x00000000e9f855c8,0x00000000eac00000)
  to   space 47104K, 0% used [0x00000000e5180000,0x00000000e5180000,0x00000000e7f80000)
 ParOldGen       total 101888K, used 76082K [0x00000000a0000000, 0x00000000a6380000, 0x00000000e0000000)
  object space 101888K, 74% used [0x00000000a0000000,0x00000000a4a4cbc8,0x00000000a6380000)
 Metaspace       used 81772K, capacity 87210K, committed 87316K, reserved 1124352K
  class space    used 10509K, capacity 11788K, committed 11836K, reserved 1048576K
}
Event: 7699.853 GC heap before
{Heap before GC invocations=46 (full 3):
 PSYoungGen      total 129024K, used 116245K [0x00000000e0000000, 0x00000000eae80000, 0x0000000100000000)
  eden space 83456K, 100% used [0x00000000e0000000,0x00000000e5180000,0x00000000e5180000)
  from space 45568K, 71% used [0x00000000e7f80000,0x00000000e9f855c8,0x00000000eac00000)
  to   space 47104K, 0% used [0x00000000e5180000,0x00000000e5180000,0x00000000e7f80000)
 ParOldGen       total 101888K, used 76082K [0x00000000a0000000, 0x00000000a6380000, 0x00000000e0000000)
  object space 101888K, 74% used [0x00000000a0000000,0x00000000a4a4cbc8,0x00000000a6380000)
 Metaspace       used 81781K, capacity 87210K, committed 87316K, reserved 1124352K
  class space    used 10509K, capacity 11788K, committed 11836K, reserved 1048576K
Event: 7703.642 GC heap after
Heap after GC invocations=46 (full 3):
 PSYoungGen      total 130560K, used 31001K [0x00000000e0000000, 0x00000000ec100000, 0x0000000100000000)
  eden space 83456K, 0% used [0x00000000e0000000,0x00000000e0000000,0x00000000e5180000)
  from space 47104K, 65% used [0x00000000e5180000,0x00000000e6fc67f8,0x00000000e7f80000)
  to   space 48128K, 0% used [0x00000000e9200000,0x00000000e9200000,0x00000000ec100000)
 ParOldGen       total 101888K, used 77851K [0x00000000a0000000, 0x00000000a6380000, 0x00000000e0000000)
  object space 101888K, 76% used [0x00000000a0000000,0x00000000a4c06ca8,0x00000000a6380000)
 Metaspace       used 81781K, capacity 87210K, committed 87316K, reserved 1124352K
  class space    used 10509K, capacity 11788K, committed 11836K, reserved 1048576K
}
Event: 7750.871 GC heap before
{Heap before GC invocations=47 (full 3):
 PSYoungGen      total 130560K, used 114457K [0x00000000e0000000, 0x00000000ec100000, 0x0000000100000000)
  eden space 83456K, 100% used [0x00000000e0000000,0x00000000e5180000,0x00000000e5180000)
  from space 47104K, 65% used [0x00000000e5180000,0x00000000e6fc67f8,0x00000000e7f80000)
  to   space 48128K, 0% used [0x00000000e9200000,0x00000000e9200000,0x00000000ec100000)
 ParOldGen       total 101888K, used 77851K [0x00000000a0000000, 0x00000000a6380000, 0x00000000e0000000)
  object space 101888K, 76% used [0x00000000a0000000,0x00000000a4c06ca8,0x00000000a6380000)
 Metaspace       used 82232K, capacity 87826K, committed 87956K, reserved 1126400K
  class space    used 10586K, capacity 11902K, committed 11964K, reserved 1048576K
Event: 7751.215 GC heap after
Heap after GC invocations=47 (full 3):
 PSYoungGen      total 148992K, used 31452K [0x00000000e0000000, 0x00000000ec180000, 0x0000000100000000)
  eden space 100864K, 0% used [0x00000000e0000000,0x00000000e0000000,0x00000000e6280000)
  from space 48128K, 65% used [0x00000000e9200000,0x00000000eb0b7350,0x00000000ec100000)
  to   space 48640K, 0% used [0x00000000e6280000,0x00000000e6280000,0x00000000e9200000)
 ParOldGen       total 101888K, used 78307K [0x00000000a0000000, 0x00000000a6380000, 0x00000000e0000000)
  object space 101888K, 76% used [0x00000000a0000000,0x00000000a4c78cf8,0x00000000a6380000)
 Metaspace       used 82232K, capacity 87826K, committed 87956K, reserved 1126400K
  class space    used 10586K, capacity 11902K, committed 11964K, reserved 1048576K
}

Deoptimization events (10 events):
Event: 7746.950 Thread 0x000000001795b800 Uncommon trap: reason=unstable_if action=reinterpret pc=0x00000000039cb6ec method=java.io.WinNTFileSystem.resolve(Ljava/lang/String;Ljava/lang/String;)Ljava/lang/String; @ 36
Event: 7747.089 Thread 0x000000001795b800 Uncommon trap: reason=bimorphic action=maybe_recompile pc=0x0000000004df6338 method=java.lang.Iterable.forEach(Ljava/util/function/Consumer;)V @ 6
Event: 7747.089 Thread 0x000000001795b800 Uncommon trap: reason=bimorphic action=maybe_recompile pc=0x0000000003cdd948 method=java.lang.Iterable.forEach(Ljava/util/function/Consumer;)V @ 13
Event: 7747.878 Thread 0x000000001795b800 Uncommon trap: reason=unstable_if action=reinterpret pc=0x00000000028d7224 method=java.net.URI.needsNormalization(Ljava/lang/String;)I @ 62
Event: 7747.883 Thread 0x000000001795b800 Uncommon trap: reason=unstable_if action=reinterpret pc=0x000000000543b7e4 method=java.net.URI.needsNormalization(Ljava/lang/String;)I @ 62
Event: 7750.147 Thread 0x000000001795b800 Uncommon trap: reason=unstable_if action=reinterpret pc=0x0000000004c6e518 method=java.lang.String$CaseInsensitiveComparator.compare(Ljava/lang/String;Ljava/lang/String;)I @ 70
Event: 7762.274 Thread 0x000000001795b800 Uncommon trap: reason=array_check action=maybe_recompile pc=0x0000000004e4c59c method=com.google.common.collect.RegularImmutableMap.fromEntryArray(I[Ljava/util/Map$Entry;)Lcom/google/common/collect/RegularImmutableMap; @ 189
Event: 7762.275 Thread 0x000000001795b800 Uncommon trap: reason=array_check action=maybe_recompile pc=0x0000000004e4c59c method=com.google.common.collect.RegularImmutableMap.fromEntryArray(I[Ljava/util/Map$Entry;)Lcom/google/common/collect/RegularImmutableMap; @ 189
Event: 7762.275 Thread 0x000000001795b800 Uncommon trap: reason=array_check action=maybe_recompile pc=0x0000000004e4c59c method=com.google.common.collect.RegularImmutableMap.fromEntryArray(I[Ljava/util/Map$Entry;)Lcom/google/common/collect/RegularImmutableMap; @ 189
Event: 7762.276 Thread 0x000000001795b800 Uncommon trap: reason=array_check action=maybe_recompile pc=0x0000000004e4c59c method=com.google.common.collect.RegularImmutableMap.fromEntryArray(I[Ljava/util/Map$Entry;)Lcom/google/common/collect/RegularImmutableMap; @ 189

Internal exceptions (10 events):
Event: 7569.381 Thread 0x000000001795b800 Exception <a 'java/lang/NoSuchMethodError': <clinit>> (0x00000000e1f15618) thrown at [D:\src\AOSP-openjdk-cygwin\jdk8u\hotspot\src\share\vm\prims\jni.cpp, line 1613]
Event: 7569.382 Thread 0x000000001795b800 Exception <a 'java/lang/NoSuchMethodError': <clinit>> (0x00000000e1f19270) thrown at [D:\src\AOSP-openjdk-cygwin\jdk8u\hotspot\src\share\vm\prims\jni.cpp, line 1613]
Event: 7569.382 Thread 0x000000001795b800 Exception <a 'java/lang/NoSuchMethodError': <clinit>> (0x00000000e1f1ad78) thrown at [D:\src\AOSP-openjdk-cygwin\jdk8u\hotspot\src\share\vm\prims\jni.cpp, line 1613]
Event: 7570.104 Thread 0x000000001795b800 Exception <a 'java/lang/ClassNotFoundException': sync_local_repo1252_aotj5jd4sves41u85skdwxxscBeanInfo> (0x00000000e20c73b8) thrown at [D:\src\AOSP-openjdk-cygwin\jdk8u\hotspot\src\share\vm\classfile\systemDictionary.cpp, line 210]
Event: 7570.107 Thread 0x000000001795b800 Exception <a 'java/lang/ClassNotFoundException': sync_local_repo1252_aotj5jd4sves41u85skdwxxscCustomizer> (0x00000000e20d1b28) thrown at [D:\src\AOSP-openjdk-cygwin\jdk8u\hotspot\src\share\vm\classfile\systemDictionary.cpp, line 210]
Event: 7665.451 Thread 0x000000001795b800 Exception <a 'java/lang/NoSuchMethodError': java.lang.Object.lambda$comparing$ea9a8b3a$1(Ljava/util/Comparator;Ljava/util/function/Function;Ljava/lang/Object;Ljava/lang/Object;)I> (0x00000000e3d3e3d0) thrown at [D:\src\AOSP-openjdk-cygwin\jdk8u\hotspot\srcΩrﬂqFæ@
Event: 7704.275 Thread 0x000000001795b800 Exception <a 'java/io/FileNotFoundException'> (0x00000000e3b923a0) thrown at [D:\src\AOSP-openjdk-cygwin\jdk8u\hotspot\src\share\vm\prims\jni.cpp, line 709]
Event: 7746.290 Thread 0x000000001795b800 Exception <a 'java/lang/NoSuchMethodError': java.lang.Object.lambda$asRunnable$0(Lcom/android/apkzlib/utils/IOExceptionRunnable;)V> (0x00000000e459a750) thrown at [D:\src\AOSP-openjdk-cygwin\jdk8u\hotspot\src\share\vm\interpreter\linkResolver.cpp, line 582‘¥ÅŸËBæ@
Event: 7746.910 Thread 0x000000001795b800 Exception <a 'java/lang/NoSuchMethodError': java.lang.Object.lambda$and$0(Ljava/util/function/Predicate;Ljava/lang/Object;)Z> (0x00000000e45ee350) thrown at [D:\src\AOSP-openjdk-cygwin\jdk8u\hotspot\src\share\vm\interpreter\linkResolver.cpp, line 582]
Event: 7762.994 Thread 0x000000001795b800 Exception <a 'java/lang/NoSuchMethodError': <clinit>> (0x00000000e2d72950) thrown at [D:\src\AOSP-openjdk-cygwin\jdk8u\hotspot\src\share\vm\prims\jni.cpp, line 1613]

Events (10 events):
Event: 7762.275 Thread 0x000000001795b800 Uncommon trap: trap_request=0xffffffd6 fr.pc=0x0000000004e4c59c
Event: 7762.275 Thread 0x000000001795b800 DEOPT PACKING pc=0x0000000004e4c59c sp=0x000000002d49a7f0
Event: 7762.275 Thread 0x000000001795b800 DEOPT UNPACKING pc=0x000000000258556a sp=0x000000002d49a778 mode 2
Event: 7762.276 Thread 0x000000001795b800 Uncommon trap: trap_request=0xffffffd6 fr.pc=0x0000000004e4c59c
Event: 7762.276 Thread 0x000000001795b800 DEOPT PACKING pc=0x0000000004e4c59c sp=0x000000002d49a920
Event: 7762.276 Thread 0x000000001795b800 DEOPT UNPACKING pc=0x000000000258556a sp=0x000000002d49a8a8 mode 2
Event: 7762.280 Thread 0x0000000015f0b000 flushing nmethod 0x0000000005100290
Event: 7762.283 Thread 0x0000000015f0b000 flushing nmethod 0x00000000053150d0
Event: 7762.330 Thread 0x0000000015f0b000 flushing nmethod 0x00000000053e2cd0
Event: 7762.333 Thread 0x0000000015f0b000 flushing nmethod 0x000000000574c750


Dynamic libraries:
0x00007ff6f24f0000 - 0x00007ff6f2521000 	C:\Program Files\Android\Android Studio 3.0\android-studio\jre\bin\java.exe
0x00007ffb433e0000 - 0x00007ffb435b2000 	C:\WINDOWS\SYSTEM32\ntdll.dll
0x00007ffb43230000 - 0x00007ffb432dc000 	C:\WINDOWS\System32\KERNEL32.DLL
0x00007ffb3c8d0000 - 0x00007ffb3c904000 	C:\Program Files\AVAST Software\Avast\x64\aswhooka.dll
0x00007ffb3fd90000 - 0x00007ffb3ffad000 	C:\WINDOWS\System32\KERNELBASE.dll
0x00007ffb40e70000 - 0x00007ffb40f12000 	C:\WINDOWS\System32\ADVAPI32.dll
0x00007ffb40970000 - 0x00007ffb40a0e000 	C:\WINDOWS\System32\msvcrt.dll
0x00007ffb40a10000 - 0x00007ffb40a69000 	C:\WINDOWS\System32\sechost.dll
0x00007ffb40be0000 - 0x00007ffb40d01000 	C:\WINDOWS\System32\RPCRT4.dll
0x00007ffb40f20000 - 0x00007ffb41085000 	C:\WINDOWS\System32\USER32.dll
0x00007ffb3fa00000 - 0x00007ffb3fa1e000 	C:\WINDOWS\System32\win32u.dll
0x00007ffb431f0000 - 0x00007ffb43224000 	C:\WINDOWS\System32\GDI32.dll
0x00007ffb407a0000 - 0x00007ffb40920000 	C:\WINDOWS\System32\gdi32full.dll
0x00007ffb2f710000 - 0x00007ffb2f98a000 	C:\WINDOWS\WinSxS\amd64_microsoft.windows.common-controls_6595b64144ccf1df_6.0.14393.953_none_42151e83c686086b\COMCTL32.dll
0x00007ffb42ea0000 - 0x00007ffb43168000 	C:\WINDOWS\System32\combase.dll
0x00007ffb3fa20000 - 0x00007ffb3fb15000 	C:\WINDOWS\System32\ucrtbase.dll
0x00007ffb3f990000 - 0x00007ffb3f9fa000 	C:\WINDOWS\System32\bcryptPrimitives.dll
0x00007ffb40bb0000 - 0x00007ffb40bde000 	C:\WINDOWS\System32\IMM32.DLL
0x0000000060ad0000 - 0x0000000060ba2000 	C:\Program Files\Android\Android Studio 3.0\android-studio\jre\jre\bin\msvcr100.dll
0x0000000060bb0000 - 0x00000000613ea000 	C:\Program Files\Android\Android Studio 3.0\android-studio\jre\jre\bin\server\jvm.dll
0x00007ffb40ad0000 - 0x00007ffb40ad8000 	C:\WINDOWS\System32\PSAPI.DLL
0x00007ffb3c860000 - 0x00007ffb3c869000 	C:\WINDOWS\SYSTEM32\WSOCK32.dll
0x00007ffb43170000 - 0x00007ffb431da000 	C:\WINDOWS\System32\WS2_32.dll
0x00007ffb3dd90000 - 0x00007ffb3ddb3000 	C:\WINDOWS\SYSTEM32\WINMM.dll
0x00007ffb31050000 - 0x00007ffb3105a000 	C:\WINDOWS\SYSTEM32\VERSION.dll
0x00007ffb3dd30000 - 0x00007ffb3dd5b000 	C:\WINDOWS\SYSTEM32\WINMMBASE.dll
0x00007ffb40920000 - 0x00007ffb40962000 	C:\WINDOWS\System32\cfgmgr32.dll
0x00007ffb3d9c0000 - 0x00007ffb3d9cf000 	C:\Program Files\Android\Android Studio 3.0\android-studio\jre\jre\bin\verify.dll
0x00007ffb3a2a0000 - 0x00007ffb3a2c9000 	C:\Program Files\Android\Android Studio 3.0\android-studio\jre\jre\bin\java.dll
0x00007ffb3d410000 - 0x00007ffb3d426000 	C:\Program Files\Android\Android Studio 3.0\android-studio\jre\jre\bin\zip.dll
0x00007ffb41360000 - 0x00007ffb42868000 	C:\WINDOWS\System32\SHELL32.dll
0x00007ffb400c0000 - 0x00007ffb40798000 	C:\WINDOWS\System32\windows.storage.dll
0x00007ffb3f850000 - 0x00007ffb3f89c000 	C:\WINDOWS\System32\powrprof.dll
0x00007ffb40ae0000 - 0x00007ffb40b32000 	C:\WINDOWS\System32\shlwapi.dll
0x00007ffb3f8b0000 - 0x00007ffb3f8bf000 	C:\WINDOWS\System32\kernel.appcore.dll
0x00007ffb3ffb0000 - 0x00007ffb40059000 	C:\WINDOWS\System32\shcore.dll
0x00007ffb3f8c0000 - 0x00007ffb3f8d4000 	C:\WINDOWS\System32\profapi.dll
0x00007ffb3c7e0000 - 0x00007ffb3c7fa000 	C:\Program Files\Android\Android Studio 3.0\android-studio\jre\jre\bin\net.dll
0x00007ffb3f120000 - 0x00007ffb3f17c000 	C:\WINDOWS\system32\mswsock.dll
0x00007ffb3a260000 - 0x00007ffb3a271000 	C:\Program Files\Android\Android Studio 3.0\android-studio\jre\jre\bin\nio.dll
0x00007ffb31ec0000 - 0x00007ffb31ede000 	C:\Users\tilma\.gradle\native\25\windows-amd64\native-platform.dll
0x00007ffb3f2c0000 - 0x00007ffb3f2d7000 	C:\WINDOWS\SYSTEM32\CRYPTSP.dll
0x00007ffb3ed20000 - 0x00007ffb3ed53000 	C:\WINDOWS\system32\rsaenh.dll
0x00007ffb3f790000 - 0x00007ffb3f7bb000 	C:\WINDOWS\SYSTEM32\bcrypt.dll
0x00007ffb3efa0000 - 0x00007ffb3efbf000 	C:\WINDOWS\SYSTEM32\USERENV.dll
0x00007ffb3f2e0000 - 0x00007ffb3f2eb000 	C:\WINDOWS\SYSTEM32\CRYPTBASE.dll
0x00007ffb3eea0000 - 0x00007ffb3eed8000 	C:\WINDOWS\SYSTEM32\IPHLPAPI.DLL
0x00007ffb431e0000 - 0x00007ffb431e8000 	C:\WINDOWS\System32\NSI.dll
0x00007ffb390d0000 - 0x00007ffb390e6000 	C:\WINDOWS\SYSTEM32\dhcpcsvc6.DLL
0x00007ffb390b0000 - 0x00007ffb390ca000 	C:\WINDOWS\SYSTEM32\dhcpcsvc.DLL
0x00007ffb3d9b0000 - 0x00007ffb3d9bd000 	C:\Program Files\Android\Android Studio 3.0\android-studio\jre\jre\bin\management.dll
0x0000000064940000 - 0x00000000649c7000 	C:\Users\tilma\AppData\Local\Temp\aapt2_2224315525020621814.dir\libwinpthread-1.dll
0x000000006d040000 - 0x0000000070923000 	C:\Users\tilma\AppData\Local\Temp\aapt2_2224315525020621814.dir\libaapt2_jni.dll
0x00007ffb338f0000 - 0x00007ffb33914000 	C:\Program Files\Android\Android Studio 3.0\android-studio\jre\jre\bin\sunec.dll
0x00007ffb3eef0000 - 0x00007ffb3ef91000 	C:\WINDOWS\SYSTEM32\DNSAPI.dll
0x00007ffb37500000 - 0x00007ffb3750a000 	C:\Windows\System32\rasadhlp.dll
0x00007ffb37920000 - 0x00007ffb3798a000 	C:\WINDOWS\System32\fwpuclnt.dll
0x00007ffb3a070000 - 0x00007ffb3a07b000 	C:\Program Files\Android\Android Studio 3.0\android-studio\jre\jre\bin\sunmscapi.dll
0x00007ffb3fbc0000 - 0x00007ffb3fd89000 	C:\WINDOWS\System32\CRYPT32.dll
0x00007ffb3f8a0000 - 0x00007ffb3f8b0000 	C:\WINDOWS\System32\MSASN1.dll
0x00007ffb3e600000 - 0x00007ffb3e632000 	C:\WINDOWS\SYSTEM32\ntmarta.dll

VM Arguments:
jvm_args: -Xmx1536m -Dfile.encoding=windows-1252 -Duser.country=CA -Duser.language=en -Duser.variant 
java_command: org.gradle.launcher.daemon.bootstrap.GradleDaemon 4.0-rc-1
java_class_path (initial): C:\Users\tilma\.gradle\wrapper\dists\gradle-4.0-rc-1-all\f2e4agya6jovmpf9txk9t7844\gradle-4.0-rc-1\lib\gradle-launcher-4.0.jar
Launcher Type: SUN_STANDARD

Environment Variables:
PATH=C:\ProgramData\Oracle\Java\javapath;C:\WINDOWS\system32;C:\WINDOWS;C:\WINDOWS\System32\Wbem;C:\WINDOWS\System32\WindowsPowerShell\v1.0\;C:\Program Files\Microsoft SQL Server\Client SDK\ODBC\130\Tools\Binn\;C:\Program Files (x86)\Microsoft SQL Server\130\Tools\Binn\;C:\Program Files\Microsoft SQL Server\130\Tools\Binn\;C:\Program Files\Microsoft SQL Server\130\DTS\Binn\;C:\Program Files\nodejs\;C:\Program Files\IBM\SPSS\Statistics\24\JRE\bin;C:\ProgramData\Oracle\Java\javapath;C:\WINDOWS\system32;C:\WINDOWS;C:\WINDOWS\System32\Wbem;C:\WINDOWS\System32\WindowsPowerShell\v1.0\;C:\Program Files\Microsoft SQL Server\Client SDK\ODBC\130\Tools\Binn\;C:\Program Files (x86)\Microsoft SQL Server\130\Tools\Binn\;C:\Program Files\Microsoft SQL Server\130\Tools\Binn\;C:\Program Files\Microsoft SQL Server\130\DTS\Binn\;C:\Program Files\nodejs\;C:\Users\tilma\AppData\Local\Programs\Python\Python36-32\Scripts\;C:\Users\tilma\AppData\Local\Programs\Python\Python36-32\;C:\Ruby23\bin;C:\Users\tilma\AppData\Local\Microsoft\WindowsApps;C:\Users\tilma\AppData\Local\Google\Cloud SDK\google-cloud-sdk\bin;C:\Users\tilma\AppData\Roaming\npm;C:\Users\tilma\AppData\Local\Turbo\Cmd\
USERNAME=tilma
OS=Windows_NT
PROCESSOR_IDENTIFIER=Intel64 Family 6 Model 76 Stepping 3, GenuineIntel



---------------  S Y S T E M  ---------------

OS: Windows 10.0 , 64 bit Build 14393 (10.0.14393.1198)

CPU:total 4 (4 cores per cpu, 1 threads per core) family 6 model 76 stepping 3, cmov, cx8, fxsr, mmx, sse, sse2, sse3, ssse3, sse4.1, sse4.2, popcnt, aes, clmul, erms, 3dnowpref, tsc, tscinvbit

Memory: 4k page, physical 4108528k(177780k free), swap 9127724k(4464k free)

vm_info: OpenJDK 64-Bit Server VM (25.112-b736) for windows-amd64 JRE (1.8.0_112-release-736), built on Mar  6 2017 17:02:07 by "builder" with MS VC++ 10.0 (VS2010)

time: Thu Jan 25 14:25:29 2018
elapsed time: 7768 seconds (0d 2h 9m 28s)

