#
# There is insufficient memory for the Java Runtime Environment to continue.
# Native memory allocation (malloc) failed to allocate 856976 bytes for Chunk::new
# Possible reasons:
#   The system is out of physical RAM or swap space
#   In 32 bit mode, the process size limit was hit
# Possible solutions:
#   Reduce memory load on the system
#   Increase physical memory or swap space
#   Check if swap backing store is full
#   Use 64 bit Java on a 64 bit OS
#   Decrease Java heap size (-Xmx/-Xms)
#   Decrease number of Java threads
#   Decrease Java thread stack sizes (-Xss)
#   Set larger code cache with -XX:ReservedCodeCacheSize=
# This output file may be truncated or incomplete.
#
#  Out of Memory Error (allocation.cpp:390), pid=11568, tid=0x0000000000001bbc
#
# JRE version: OpenJDK Runtime Environment (8.0_112) (build 1.8.0_112-release-736)
# Java VM: OpenJDK 64-Bit Server VM (25.112-b736 mixed mode windows-amd64 compressed oops)
# Failed to write core dump. Minidumps are not enabled by default on client versions of Windows
#

---------------  T H R E A D  ---------------

Current thread (0x00000000162d0800):  JavaThread "C2 CompilerThread1" daemon [_thread_in_native, id=7100, stack(0x0000000017a10000,0x0000000017b10000)]

Stack: [0x0000000017a10000,0x0000000017b10000]
[error occurred during error reporting (printing stack bounds), id 0xc0000005]

Native frames: (J=compiled Java code, j=interpreted, Vv=VM code, C=native code)


Current CompileTask:
C2: 205543 10214       4       com.android.builder.dexing.ReferenceCountMergingStrategy$$Lambda$332/1241496013::accept (16 bytes)


---------------  P R O C E S S  ---------------

Java Threads: ( => current thread )
  0x000000001bf2a000 JavaThread "ForkJoinPool.commonPool-worker-12" daemon [_thread_blocked, id=5844, stack(0x0000000025ad0000,0x0000000025bd0000)]
  0x000000001bf29800 JavaThread "ForkJoinPool.commonPool-worker-10" daemon [_thread_blocked, id=7632, stack(0x00000000259d0000,0x0000000025ad0000)]
  0x000000001bf27800 JavaThread "ForkJoinPool.commonPool-worker-11" daemon [_thread_blocked, id=12764, stack(0x00000000258d0000,0x00000000259d0000)]
  0x000000001bf28800 JavaThread "ForkJoinPool.commonPool-worker-5" daemon [_thread_blocked, id=7844, stack(0x00000000257d0000,0x00000000258d0000)]
  0x000000001bf24000 JavaThread "ForkJoinPool.commonPool-worker-0" daemon [_thread_blocked, id=12700, stack(0x0000000022f30000,0x0000000023030000)]
  0x000000001bf22800 JavaThread "ForkJoinPool.commonPool-worker-2" daemon [_thread_blocked, id=3464, stack(0x0000000022d30000,0x0000000022e30000)]
  0x000000001bf1e800 JavaThread "Cache worker for task history cache (C:\Users\tilma\Desktop\Android_Studio_Projects\MVP\.gradle\4.0-rc-1\taskHistory)" [_thread_blocked, id=2480, stack(0x0000000022830000,0x0000000022930000)]
  0x000000001caf9000 JavaThread "Cache worker for file content cache (C:\Users\tilma\Desktop\Android_Studio_Projects\MVP\.gradle\4.0-rc-1\fileContent)" [_thread_blocked, id=11028, stack(0x00000000214f0000,0x00000000215f0000)]
  0x000000001cafd800 JavaThread "Memory manager" [_thread_blocked, id=4040, stack(0x00000000207f0000,0x00000000208f0000)]
  0x000000001caf7000 JavaThread "build operations Thread 4" [_thread_blocked, id=12520, stack(0x00000000200f0000,0x00000000201f0000)]
  0x000000001cafa800 JavaThread "build operations Thread 3" [_thread_blocked, id=9684, stack(0x000000001fff0000,0x00000000200f0000)]
  0x000000001cafa000 JavaThread "build operations Thread 2" [_thread_blocked, id=2412, stack(0x000000001fef0000,0x000000001fff0000)]
  0x000000001cafd000 JavaThread "build operations" [_thread_blocked, id=13208, stack(0x000000001fdf0000,0x000000001fef0000)]
  0x000000001cafb800 JavaThread "Cache worker for Artifact transforms cache (C:\Users\tilma\.gradle\caches\transforms-1)" [_thread_blocked, id=10500, stack(0x000000001fcf0000,0x000000001fdf0000)]
  0x000000001bdf0800 JavaThread "Cache worker for file hash cache (C:\Users\tilma\Desktop\Android_Studio_Projects\MVP\.gradle\4.0-rc-1\fileHashes)" [_thread_blocked, id=10516, stack(0x000000001bc20000,0x000000001bd20000)]
  0x0000000017ce9000 JavaThread "File lock request listener" [_thread_in_native, id=9620, stack(0x000000001ab50000,0x000000001ac50000)]
  0x0000000017d3f000 JavaThread "Cache worker for file hash cache (C:\Users\tilma\.gradle\caches\4.0-rc-1\fileHashes)" [_thread_blocked, id=11792, stack(0x000000001aa50000,0x000000001ab50000)]
  0x000000001911d800 JavaThread "Asynchronous log dispatcher for DefaultDaemonConnection: socket connection from /127.0.0.1:55627 to /127.0.0.1:55628" [_thread_blocked, id=4684, stack(0x000000001a850000,0x000000001a950000)]
  0x000000001911b000 JavaThread "Daemon worker" [_thread_in_native, id=7824, stack(0x000000001a750000,0x000000001a850000)]
  0x0000000019109000 JavaThread "Cancel handler" [_thread_blocked, id=5116, stack(0x000000001a650000,0x000000001a750000)]
  0x00000000190d3800 JavaThread "Handler for socket connection from /127.0.0.1:55627 to /127.0.0.1:55628" [_thread_in_native, id=5300, stack(0x000000001a350000,0x000000001a450000)]
  0x00000000190d3000 JavaThread "Daemon" [_thread_blocked, id=6736, stack(0x000000001a250000,0x000000001a350000)]
  0x000000001903a000 JavaThread "Daemon periodic checks" [_thread_blocked, id=11200, stack(0x000000001a150000,0x000000001a250000)]
  0x0000000019030800 JavaThread "Incoming local TCP Connector on port 55627" [_thread_in_native, id=4240, stack(0x0000000019f20000,0x000000001a020000)]
  0x0000000017c3c800 JavaThread "Service Thread" daemon [_thread_blocked, id=504, stack(0x0000000018010000,0x0000000018110000)]
  0x00000000162d3800 JavaThread "C1 CompilerThread2" daemon [_thread_blocked, id=7668, stack(0x0000000017b10000,0x0000000017c10000)]
=>0x00000000162d0800 JavaThread "C2 CompilerThread1" daemon [_thread_in_native, id=7100, stack(0x0000000017a10000,0x0000000017b10000)]
  0x00000000162ce800 JavaThread "C2 CompilerThread0" daemon [_thread_blocked, id=5924, stack(0x0000000017910000,0x0000000017a10000)]
  0x00000000162cd000 JavaThread "Attach Listener" daemon [_thread_blocked, id=3692, stack(0x0000000017810000,0x0000000017910000)]
  0x00000000162cc000 JavaThread "Signal Dispatcher" daemon [_thread_blocked, id=12440, stack(0x0000000017710000,0x0000000017810000)]
  0x00000000162b8800 JavaThread "Finalizer" daemon [_thread_blocked, id=9856, stack(0x0000000017520000,0x0000000017620000)]
  0x0000000002953000 JavaThread "Reference Handler" daemon [_thread_blocked, id=2088, stack(0x0000000017420000,0x0000000017520000)]
  0x0000000002862800 JavaThread "main" [_thread_blocked, id=4312, stack(0x0000000002740000,0x0000000002840000)]

Other Threads:
  0x0000000016294800 VMThread [stack: 0x0000000017320000,0x0000000017420000] [id=12300]
  0x0000000017c3e000 WatcherThread [stack: 0x0000000018110000,0x0000000018210000] [id=4208]

VM state:not at safepoint (normal execution)

VM Mutex/Monitor currently owned by a thread: None

Heap:
 PSYoungGen      total 93184K, used 79819K [0x00000000e0000000, 0x00000000e7000000, 0x0000000100000000)
  eden space 80896K, 98% used [0x00000000e0000000,0x00000000e4df2ce8,0x00000000e4f00000)
  from space 12288K, 0% used [0x00000000e4f00000,0x00000000e4f00000,0x00000000e5b00000)
  to   space 11776K, 0% used [0x00000000e6480000,0x00000000e6480000,0x00000000e7000000)
 ParOldGen       total 83968K, used 32746K [0x00000000a0000000, 0x00000000a5200000, 0x00000000e0000000)
  object space 83968K, 38% used [0x00000000a0000000,0x00000000a1ffaba8,0x00000000a5200000)
 Metaspace       used 57930K, capacity 59824K, committed 60160K, reserved 1101824K
  class space    used 7646K, capacity 8105K, committed 8192K, reserved 1048576K

Card table byte_map: [0x0000000011d20000,0x0000000012030000] byte_map_base: 0x0000000011820000

Marking Bits: (ParMarkBitMap*) 0x000000006136f8f0
 Begin Bits: [0x0000000012630000, 0x0000000013e30000)
 End Bits:   [0x0000000013e30000, 0x0000000015630000)

Polling page: 0x0000000000a50000

CodeCache: size=245760Kb used=29913Kb max_used=29928Kb free=215846Kb
 bounds [0x0000000002960000, 0x00000000046c0000, 0x0000000011960000]
 total_blobs=9523 nmethods=8767 adapters=670
 compilation: enabled

Compilation events (10 events):
Event: 205.404 Thread 0x00000000162d3800 10296       3       org.gradle.internal.work.DefaultWorkerLeaseService::access$600 (4 bytes)
Event: 205.405 Thread 0x00000000162d3800 nmethod 10296 0x0000000003f9f610 code [0x0000000003f9f760, 0x0000000003f9f890]
Event: 205.408 Thread 0x00000000162ce800 10297       4       java.lang.StringBuilder::append (9 bytes)
Event: 205.414 Thread 0x00000000162d3800 10298       3       org.gradle.internal.serialize.kryo.KryoBackedEncoder::writeBytes (11 bytes)
Event: 205.415 Thread 0x00000000162d3800 nmethod 10298 0x0000000003f9f250 code [0x0000000003f9f3c0, 0x0000000003f9f548]
Event: 205.421 Thread 0x00000000162ce800 nmethod 10297 0x00000000046bee50 code [0x00000000046befc0, 0x00000000046bf448]
Event: 205.462 Thread 0x00000000162d3800 10299       3       java.util.concurrent.CopyOnWriteArrayList$COWIterator::next (32 bytes)
Event: 205.463 Thread 0x00000000162d3800 nmethod 10299 0x0000000003f9ebd0 code [0x0000000003f9ed60, 0x0000000003f9f108]
Event: 205.463 Thread 0x00000000162d3800 10300       3       org.gradle.internal.concurrent.CompositeStoppable::add (43 bytes)
Event: 205.464 Thread 0x00000000162d3800 nmethod 10300 0x0000000003fa5750 code [0x0000000003fa58e0, 0x0000000003fa5c18]

GC Heap History (10 events):
Event: 175.083 GC heap before
{Heap before GC invocations=26 (full 2):
 PSYoungGen      total 72192K, used 67406K [0x00000000e0000000, 0x00000000e6100000, 0x0000000100000000)
  eden space 58880K, 100% used [0x00000000e0000000,0x00000000e3980000,0x00000000e3980000)
  from space 13312K, 64% used [0x00000000e3980000,0x00000000e41d3ba8,0x00000000e4680000)
  to   space 13312K, 0% used [0x00000000e5400000,0x00000000e5400000,0x00000000e6100000)
 ParOldGen       total 49664K, used 21876K [0x00000000a0000000, 0x00000000a3080000, 0x00000000e0000000)
  object space 49664K, 44% used [0x00000000a0000000,0x00000000a155d028,0x00000000a3080000)
 Metaspace       used 52591K, capacity 54298K, committed 54400K, reserved 1095680K
  class space    used 7092K, capacity 7516K, committed 7552K, reserved 1048576K
Event: 175.111 GC heap after
Heap after GC invocations=26 (full 2):
 PSYoungGen      total 81920K, used 7456K [0x00000000e0000000, 0x00000000e5e80000, 0x0000000100000000)
  eden space 71168K, 0% used [0x00000000e0000000,0x00000000e0000000,0x00000000e4580000)
  from space 10752K, 69% used [0x00000000e5400000,0x00000000e5b48000,0x00000000e5e80000)
  to   space 12800K, 0% used [0x00000000e4580000,0x00000000e4580000,0x00000000e5200000)
 ParOldGen       total 49664K, used 23884K [0x00000000a0000000, 0x00000000a3080000, 0x00000000e0000000)
  object space 49664K, 48% used [0x00000000a0000000,0x00000000a1753358,0x00000000a3080000)
 Metaspace       used 52591K, capacity 54298K, committed 54400K, reserved 1095680K
  class space    used 7092K, capacity 7516K, committed 7552K, reserved 1048576K
}
Event: 186.603 GC heap before
{Heap before GC invocations=27 (full 2):
 PSYoungGen      total 81920K, used 78624K [0x00000000e0000000, 0x00000000e5e80000, 0x0000000100000000)
  eden space 71168K, 100% used [0x00000000e0000000,0x00000000e4580000,0x00000000e4580000)
  from space 10752K, 69% used [0x00000000e5400000,0x00000000e5b48000,0x00000000e5e80000)
  to   space 12800K, 0% used [0x00000000e4580000,0x00000000e4580000,0x00000000e5200000)
 ParOldGen       total 49664K, used 23884K [0x00000000a0000000, 0x00000000a3080000, 0x00000000e0000000)
  object space 49664K, 48% used [0x00000000a0000000,0x00000000a1753358,0x00000000a3080000)
 Metaspace       used 54792K, capacity 56674K, committed 56832K, reserved 1097728K
  class space    used 7384K, capacity 7838K, committed 7936K, reserved 1048576K
Event: 186.646 GC heap after
Heap after GC invocations=27 (full 2):
 PSYoungGen      total 83968K, used 7934K [0x00000000e0000000, 0x00000000e6880000, 0x0000000100000000)
  eden space 71168K, 0% used [0x00000000e0000000,0x00000000e0000000,0x00000000e4580000)
  from space 12800K, 61% used [0x00000000e4580000,0x00000000e4d3fa68,0x00000000e5200000)
  to   space 12800K, 0% used [0x00000000e5c00000,0x00000000e5c00000,0x00000000e6880000)
 ParOldGen       total 49664K, used 27596K [0x00000000a0000000, 0x00000000a3080000, 0x00000000e0000000)
  object space 49664K, 55% used [0x00000000a0000000,0x00000000a1af3198,0x00000000a3080000)
 Metaspace       used 54792K, capacity 56674K, committed 56832K, reserved 1097728K
  class space    used 7384K, capacity 7838K, committed 7936K, reserved 1048576K
}
Event: 194.677 GC heap before
{Heap before GC invocations=28 (full 2):
 PSYoungGen      total 83968K, used 79102K [0x00000000e0000000, 0x00000000e6880000, 0x0000000100000000)
  eden space 71168K, 100% used [0x00000000e0000000,0x00000000e4580000,0x00000000e4580000)
  from space 12800K, 61% used [0x00000000e4580000,0x00000000e4d3fa68,0x00000000e5200000)
  to   space 12800K, 0% used [0x00000000e5c00000,0x00000000e5c00000,0x00000000e6880000)
 ParOldGen       total 49664K, used 27596K [0x00000000a0000000, 0x00000000a3080000, 0x00000000e0000000)
  object space 49664K, 55% used [0x00000000a0000000,0x00000000a1af3198,0x00000000a3080000)
 Metaspace       used 56466K, capacity 58338K, committed 58496K, reserved 1099776K
  class space    used 7497K, capacity 7966K, committed 8064K, reserved 1048576K
Event: 194.714 GC heap after
Heap after GC invocations=28 (full 2):
 PSYoungGen      total 92160K, used 7675K [0x00000000e0000000, 0x00000000e6700000, 0x0000000100000000)
  eden space 80896K, 0% used [0x00000000e0000000,0x00000000e0000000,0x00000000e4f00000)
  from space 11264K, 68% used [0x00000000e5c00000,0x00000000e637ee10,0x00000000e6700000)
  to   space 12288K, 0% used [0x00000000e4f00000,0x00000000e4f00000,0x00000000e5b00000)
 ParOldGen       total 49664K, used 27604K [0x00000000a0000000, 0x00000000a3080000, 0x00000000e0000000)
  object space 49664K, 55% used [0x00000000a0000000,0x00000000a1af5198,0x00000000a3080000)
 Metaspace       used 56466K, capacity 58338K, committed 58496K, reserved 1099776K
  class space    used 7497K, capacity 7966K, committed 8064K, reserved 1048576K
}
Event: 200.874 GC heap before
{Heap before GC invocations=29 (full 2):
 PSYoungGen      total 92160K, used 83966K [0x00000000e0000000, 0x00000000e6700000, 0x0000000100000000)
  eden space 80896K, 94% used [0x00000000e0000000,0x00000000e4a80ba0,0x00000000e4f00000)
  from space 11264K, 68% used [0x00000000e5c00000,0x00000000e637ee10,0x00000000e6700000)
  to   space 12288K, 0% used [0x00000000e4f00000,0x00000000e4f00000,0x00000000e5b00000)
 ParOldGen       total 49664K, used 27604K [0x00000000a0000000, 0x00000000a3080000, 0x00000000e0000000)
  object space 49664K, 55% used [0x00000000a0000000,0x00000000a1af5198,0x00000000a3080000)
 Metaspace       used 56935K, capacity 58822K, committed 59008K, reserved 1099776K
  class space    used 7529K, capacity 7974K, committed 8064K, reserved 1048576K
Event: 200.903 GC heap after
Heap after GC invocations=29 (full 2):
 PSYoungGen      total 93184K, used 6824K [0x00000000e0000000, 0x00000000e7000000, 0x0000000100000000)
  eden space 80896K, 0% used [0x00000000e0000000,0x00000000e0000000,0x00000000e4f00000)
  from space 12288K, 55% used [0x00000000e4f00000,0x00000000e55aa1f0,0x00000000e5b00000)
  to   space 11776K, 0% used [0x00000000e6480000,0x00000000e6480000,0x00000000e7000000)
 ParOldGen       total 49664K, used 27612K [0x00000000a0000000, 0x00000000a3080000, 0x00000000e0000000)
  object space 49664K, 55% used [0x00000000a0000000,0x00000000a1af7198,0x00000000a3080000)
 Metaspace       used 56935K, capacity 58822K, committed 59008K, reserved 1099776K
  class space    used 7529K, capacity 7974K, committed 8064K, reserved 1048576K
}
Event: 200.904 GC heap before
{Heap before GC invocations=30 (full 3):
 PSYoungGen      total 93184K, used 6824K [0x00000000e0000000, 0x00000000e7000000, 0x0000000100000000)
  eden space 80896K, 0% used [0x00000000e0000000,0x00000000e0000000,0x00000000e4f00000)
  from space 12288K, 55% used [0x00000000e4f00000,0x00000000e55aa1f0,0x00000000e5b00000)
  to   space 11776K, 0% used [0x00000000e6480000,0x00000000e6480000,0x00000000e7000000)
 ParOldGen       total 49664K, used 27612K [0x00000000a0000000, 0x00000000a3080000, 0x00000000e0000000)
  object space 49664K, 55% used [0x00000000a0000000,0x00000000a1af7198,0x00000000a3080000)
 Metaspace       used 56935K, capacity 58822K, committed 59008K, reserved 1099776K
  class space    used 7529K, capacity 7974K, committed 8064K, reserved 1048576K
Event: 202.094 GC heap after
Heap after GC invocations=30 (full 3):
 PSYoungGen      total 93184K, used 0K [0x00000000e0000000, 0x00000000e7000000, 0x0000000100000000)
  eden space 80896K, 0% used [0x00000000e0000000,0x00000000e0000000,0x00000000e4f00000)
  from space 12288K, 0% used [0x00000000e4f00000,0x00000000e4f00000,0x00000000e5b00000)
  to   space 11776K, 0% used [0x00000000e6480000,0x00000000e6480000,0x00000000e7000000)
 ParOldGen       total 83968K, used 32746K [0x00000000a0000000, 0x00000000a5200000, 0x00000000e0000000)
  object space 83968K, 38% used [0x00000000a0000000,0x00000000a1ffaba8,0x00000000a5200000)
 Metaspace       used 56911K, capacity 58770K, committed 59008K, reserved 1099776K
  class space    used 7521K, capacity 7958K, committed 8064K, reserved 1048576K
}

Deoptimization events (10 events):
Event: 205.081 Thread 0x000000001bf20000 Uncommon trap: reason=unstable_if action=reinterpret pc=0x0000000003d55424 method=com.esotericsoftware.kryo.io.Output.writeBytes([BII)V @ 61
Event: 205.081 Thread 0x000000001bf20000 Uncommon trap: reason=unstable_if action=reinterpret pc=0x0000000003580ce4 method=com.esotericsoftware.kryo.io.Output.writeBytes([BII)V @ 61
Event: 205.083 Thread 0x000000001bf20000 Uncommon trap: reason=class_check action=maybe_recompile pc=0x000000000359be80 method=java.lang.Throwable.<init>(Ljava/lang/String;Ljava/lang/Throwable;)V @ 24
Event: 205.090 Thread 0x000000001bf20000 Uncommon trap: reason=unstable_if action=reinterpret pc=0x0000000003781cd8 method=com.esotericsoftware.kryo.io.Output.writeBytes([BII)V @ 61
Event: 205.091 Thread 0x000000001bf20000 Uncommon trap: reason=unstable_if action=reinterpret pc=0x0000000002bc1af8 method=java.io.ObjectOutputStream$HandleTable.assign(Ljava/lang/Object;)I @ 24
Event: 205.327 Thread 0x000000001911b000 Uncommon trap: reason=class_check action=maybe_recompile pc=0x0000000002d56250 method=org.gradle.internal.logging.text.AbstractLineChoppingStyledTextOutput$StateContext.flushLineText()V @ 98
Event: 205.328 Thread 0x000000001911b000 Uncommon trap: reason=unstable_if action=reinterpret pc=0x0000000003df2038 method=org.gradle.internal.logging.sink.OutputEventRenderer$4.onOutput(Lorg/gradle/internal/logging/events/OutputEvent;)V @ 7
Event: 205.329 Thread 0x000000001911b000 Uncommon trap: reason=class_check action=maybe_recompile pc=0x0000000002d56250 method=org.gradle.internal.logging.text.AbstractLineChoppingStyledTextOutput$StateContext.flushLineText()V @ 98
Event: 205.329 Thread 0x000000001911b000 Uncommon trap: reason=class_check action=maybe_recompile pc=0x0000000002d56250 method=org.gradle.internal.logging.text.AbstractLineChoppingStyledTextOutput$StateContext.flushLineText()V @ 98
Event: 205.330 Thread 0x000000001911b000 Uncommon trap: reason=class_check action=maybe_recompile pc=0x0000000002d56250 method=org.gradle.internal.logging.text.AbstractLineChoppingStyledTextOutput$StateContext.flushLineText()V @ 98

Internal exceptions (10 events):
Event: 199.377 Thread 0x000000001bf21000 Exception <a 'sun/nio/fs/WindowsException'> (0x00000000e44e1730) thrown at [D:\src\AOSP-openjdk-cygwin\jdk8u\hotspot\src\share\vm\prims\jni.cpp, line 709]
Event: 202.105 Thread 0x000000001bf29800 Exception <a 'java/lang/IncompatibleClassChangeError': Found class java.lang.Object, but interface was expected> (0x00000000e0170f60) thrown at [D:\src\AOSP-openjdk-cygwin\jdk8u\hotspot\src\share\vm\interpreter\linkResolver.cpp, line 641]
Event: 202.105 Thread 0x000000001bf22800 Exception <a 'java/lang/IncompatibleClassChangeError': Found class java.lang.Object, but interface was expected> (0x00000000e00e1a10) thrown at [D:\src\AOSP-openjdk-cygwin\jdk8u\hotspot\src\share\vm\interpreter\linkResolver.cpp, line 641]
Event: 202.360 Thread 0x000000001bf27800 Implicit null exception at 0x0000000002f46050 to 0x0000000002f462dd
Event: 205.043 Thread 0x000000001bf2a000 Exception <a 'java/lang/OutOfMemoryError'> (0x00000000e4953f30) thrown at [D:\src\AOSP-openjdk-cygwin\jdk8u\hotspot\src\share\vm\prims\jni.cpp, line 735]
Event: 205.063 Thread 0x000000001bf20000 Exception <a 'java/lang/reflect/InvocationTargetException'> (0x00000000e497c3b0) thrown at [D:\src\AOSP-openjdk-cygwin\jdk8u\hotspot\src\share\vm\runtime\reflection.cpp, line 1092]
Event: 205.076 Thread 0x000000001bf20000 Exception <a 'java/lang/NoSuchMethodError': <clinit>> (0x00000000e49d4478) thrown at [D:\src\AOSP-openjdk-cygwin\jdk8u\hotspot\src\share\vm\prims\jni.cpp, line 1613]
Event: 205.080 Thread 0x000000001bf20000 Exception <a 'java/lang/NoSuchMethodError': <clinit>> (0x00000000e49e96c8) thrown at [D:\src\AOSP-openjdk-cygwin\jdk8u\hotspot\src\share\vm\prims\jni.cpp, line 1613]
Event: 205.080 Thread 0x000000001bf20000 Implicit null exception at 0x0000000003d88c6c to 0x0000000003d920bd
Event: 205.090 Thread 0x000000001bf20000 Exception <a 'java/lang/NoSuchMethodError': <clinit>> (0x00000000e4a68cb0) thrown at [D:\src\AOSP-openjdk-cygwin\jdk8u\hotspot\src\share\vm\prims\jni.cpp, line 1613]

Events (10 events):
Event: 205.380 loading class com/android/dx/cf/direct/ClassPathOpener$FileNameFilter
Event: 205.380 loading class com/android/dx/cf/direct/ClassPathOpener$FileNameFilter done
Event: 205.464 loading class org/apache/tools/ant/IntrospectionHelper
Event: 205.464 loading class org/apache/tools/ant/IntrospectionHelper done
Event: 205.470 loading class org/apache/tools/ant/IntrospectionHelper$NestedCreator
Event: 205.470 loading class org/apache/tools/ant/IntrospectionHelper$NestedCreator done
Event: 205.470 loading class org/apache/tools/ant/IntrospectionHelper$13
Event: 205.470 loading class org/apache/tools/ant/IntrospectionHelper$13 done
Event: 205.473 loading class org/apache/tools/ant/IntrospectionHelper$AttributeSetter
Event: 205.473 loading class org/apache/tools/ant/IntrospectionHelper$AttributeSetter done


Dynamic libraries:
0x00007ff67cd20000 - 0x00007ff67cd51000 	C:\Program Files\Android\Android Studio 3.0\android-studio\jre\bin\java.exe
0x00007ffb433e0000 - 0x00007ffb435b2000 	C:\WINDOWS\SYSTEM32\ntdll.dll
0x00007ffb43230000 - 0x00007ffb432dc000 	C:\WINDOWS\System32\KERNEL32.DLL
0x00007ffb3fd90000 - 0x00007ffb3ffad000 	C:\WINDOWS\System32\KERNELBASE.dll
0x00007ffb40e70000 - 0x00007ffb40f12000 	C:\WINDOWS\System32\ADVAPI32.dll
0x00007ffb40970000 - 0x00007ffb40a0e000 	C:\WINDOWS\System32\msvcrt.dll
0x00007ffb40a10000 - 0x00007ffb40a69000 	C:\WINDOWS\System32\sechost.dll
0x00007ffb40be0000 - 0x00007ffb40d01000 	C:\WINDOWS\System32\RPCRT4.dll
0x00007ffb40f20000 - 0x00007ffb41085000 	C:\WINDOWS\System32\USER32.dll
0x00007ffb3fa00000 - 0x00007ffb3fa1e000 	C:\WINDOWS\System32\win32u.dll
0x00007ffb431f0000 - 0x00007ffb43224000 	C:\WINDOWS\System32\GDI32.dll
0x00007ffb407a0000 - 0x00007ffb40920000 	C:\WINDOWS\System32\gdi32full.dll
0x00007ffb2f710000 - 0x00007ffb2f98a000 	C:\WINDOWS\WinSxS\amd64_microsoft.windows.common-controls_6595b64144ccf1df_6.0.14393.953_none_42151e83c686086b\COMCTL32.dll
0x00007ffb42ea0000 - 0x00007ffb43168000 	C:\WINDOWS\System32\combase.dll
0x00007ffb3fa20000 - 0x00007ffb3fb15000 	C:\WINDOWS\System32\ucrtbase.dll
0x00007ffb3f990000 - 0x00007ffb3f9fa000 	C:\WINDOWS\System32\bcryptPrimitives.dll
0x00007ffb40bb0000 - 0x00007ffb40bde000 	C:\WINDOWS\System32\IMM32.DLL
0x0000000061670000 - 0x0000000061742000 	C:\Program Files\Android\Android Studio 3.0\android-studio\jre\jre\bin\msvcr100.dll
0x0000000060bb0000 - 0x00000000613ea000 	C:\Program Files\Android\Android Studio 3.0\android-studio\jre\jre\bin\server\jvm.dll
0x00007ffb40ad0000 - 0x00007ffb40ad8000 	C:\WINDOWS\System32\PSAPI.DLL
0x00007ffb3c860000 - 0x00007ffb3c869000 	C:\WINDOWS\SYSTEM32\WSOCK32.dll
0x00007ffb31050000 - 0x00007ffb3105a000 	C:\WINDOWS\SYSTEM32\VERSION.dll
0x00007ffb3dd90000 - 0x00007ffb3ddb3000 	C:\WINDOWS\SYSTEM32\WINMM.dll
0x00007ffb43170000 - 0x00007ffb431da000 	C:\WINDOWS\System32\WS2_32.dll
0x0000000002670000 - 0x000000000269b000 	C:\WINDOWS\SYSTEM32\WINMMBASE.dll
0x00007ffb40920000 - 0x00007ffb40962000 	C:\WINDOWS\System32\cfgmgr32.dll
0x00007ffb3d9c0000 - 0x00007ffb3d9cf000 	C:\Program Files\Android\Android Studio 3.0\android-studio\jre\jre\bin\verify.dll
0x00007ffb3a2a0000 - 0x00007ffb3a2c9000 	C:\Program Files\Android\Android Studio 3.0\android-studio\jre\jre\bin\java.dll
0x00007ffb3d410000 - 0x00007ffb3d426000 	C:\Program Files\Android\Android Studio 3.0\android-studio\jre\jre\bin\zip.dll
0x00007ffb41360000 - 0x00007ffb42868000 	C:\WINDOWS\System32\SHELL32.dll
0x00007ffb400c0000 - 0x00007ffb40798000 	C:\WINDOWS\System32\windows.storage.dll
0x00007ffb3f850000 - 0x00007ffb3f89c000 	C:\WINDOWS\System32\powrprof.dll
0x00007ffb40ae0000 - 0x00007ffb40b32000 	C:\WINDOWS\System32\shlwapi.dll
0x00007ffb3f8b0000 - 0x00007ffb3f8bf000 	C:\WINDOWS\System32\kernel.appcore.dll
0x00007ffb3ffb0000 - 0x00007ffb40059000 	C:\WINDOWS\System32\shcore.dll
0x00007ffb3f8c0000 - 0x00007ffb3f8d4000 	C:\WINDOWS\System32\profapi.dll
0x00007ffb3c7e0000 - 0x00007ffb3c7fa000 	C:\Program Files\Android\Android Studio 3.0\android-studio\jre\jre\bin\net.dll
0x00007ffb3f120000 - 0x00007ffb3f17c000 	C:\WINDOWS\system32\mswsock.dll
0x00007ffb3a260000 - 0x00007ffb3a271000 	C:\Program Files\Android\Android Studio 3.0\android-studio\jre\jre\bin\nio.dll
0x00007ffb31ec0000 - 0x00007ffb31ede000 	C:\Users\tilma\.gradle\native\25\windows-amd64\native-platform.dll
0x00007ffb3f2c0000 - 0x00007ffb3f2d7000 	C:\WINDOWS\SYSTEM32\CRYPTSP.dll
0x00007ffb3ed20000 - 0x00007ffb3ed53000 	C:\WINDOWS\system32\rsaenh.dll
0x00007ffb3f790000 - 0x00007ffb3f7bb000 	C:\WINDOWS\SYSTEM32\bcrypt.dll
0x00007ffb3efa0000 - 0x00007ffb3efbf000 	C:\WINDOWS\SYSTEM32\USERENV.dll
0x00007ffb3f2e0000 - 0x00007ffb3f2eb000 	C:\WINDOWS\SYSTEM32\CRYPTBASE.dll
0x00007ffb3eea0000 - 0x00007ffb3eed8000 	C:\WINDOWS\SYSTEM32\IPHLPAPI.DLL
0x00007ffb431e0000 - 0x00007ffb431e8000 	C:\WINDOWS\System32\NSI.dll
0x00007ffb390d0000 - 0x00007ffb390e6000 	C:\WINDOWS\SYSTEM32\dhcpcsvc6.DLL
0x00007ffb390b0000 - 0x00007ffb390ca000 	C:\WINDOWS\SYSTEM32\dhcpcsvc.DLL
0x00007ffb3d9b0000 - 0x00007ffb3d9bd000 	C:\Program Files\Android\Android Studio 3.0\android-studio\jre\jre\bin\management.dll
0x00007ffb3e600000 - 0x00007ffb3e632000 	C:\WINDOWS\SYSTEM32\ntmarta.dll

VM Arguments:
jvm_args: -Xmx1536m -Dfile.encoding=windows-1252 -Duser.country=CA -Duser.language=en -Duser.variant 
java_command: org.gradle.launcher.daemon.bootstrap.GradleDaemon 4.0-rc-1
java_class_path (initial): C:\Users\tilma\.gradle\wrapper\dists\gradle-4.0-rc-1-all\f2e4agya6jovmpf9txk9t7844\gradle-4.0-rc-1\lib\gradle-launcher-4.0.jar
Launcher Type: SUN_STANDARD

Environment Variables:
PATH=C:\ProgramData\Oracle\Java\javapath;C:\WINDOWS\system32;C:\WINDOWS;C:\WINDOWS\System32\Wbem;C:\WINDOWS\System32\WindowsPowerShell\v1.0\;C:\Program Files\Microsoft SQL Server\Client SDK\ODBC\130\Tools\Binn\;C:\Program Files (x86)\Microsoft SQL Server\130\Tools\Binn\;C:\Program Files\Microsoft SQL Server\130\Tools\Binn\;C:\Program Files\Microsoft SQL Server\130\DTS\Binn\;C:\Program Files\nodejs\;C:\Program Files\IBM\SPSS\Statistics\24\JRE\bin;C:\ProgramData\Oracle\Java\javapath;C:\WINDOWS\system32;C:\WINDOWS;C:\WINDOWS\System32\Wbem;C:\WINDOWS\System32\WindowsPowerShell\v1.0\;C:\Program Files\Microsoft SQL Server\Client SDK\ODBC\130\Tools\Binn\;C:\Program Files (x86)\Microsoft SQL Server\130\Tools\Binn\;C:\Program Files\Microsoft SQL Server\130\Tools\Binn\;C:\Program Files\Microsoft SQL Server\130\DTS\Binn\;C:\Program Files\nodejs\;C:\Users\tilma\AppData\Local\Programs\Python\Python36-32\Scripts\;C:\Users\tilma\AppData\Local\Programs\Python\Python36-32\;C:\Ruby23\bin;C:\Users\tilma\AppData\Local\Microsoft\WindowsApps;C:\Users\tilma\AppData\Local\Google\Cloud SDK\google-cloud-sdk\bin;C:\Users\tilma\AppData\Roaming\npm;C:\Users\tilma\AppData\Local\Turbo\Cmd\
USERNAME=tilma
OS=Windows_NT
PROCESSOR_IDENTIFIER=Intel64 Family 6 Model 76 Stepping 3, GenuineIntel



---------------  S Y S T E M  ---------------

OS: Windows 10.0 , 64 bit Build 14393 (10.0.14393.1198)

CPU:total 4 (4 cores per cpu, 1 threads per core) family 6 model 76 stepping 3, cmov, cx8, fxsr, mmx, sse, sse2, sse3, ssse3, sse4.1, sse4.2, popcnt, aes, clmul, erms, 3dnowpref, tsc, tscinvbit

Memory: 4k page, physical 4108528k(133028k free), swap 9015008k(600k free)

vm_info: OpenJDK 64-Bit Server VM (25.112-b736) for windows-amd64 JRE (1.8.0_112-release-736), built on Mar  6 2017 17:02:07 by "builder" with MS VC++ 10.0 (VS2010)

time: Thu Jan 25 14:39:47 2018
elapsed time: 205 seconds (0d 0h 3m 25s)

